2025-12-17 13:45:13 Loading main app package /usr/lib/obsidian/obsidian.asar
2025-12-17 13:45:13 Checking for update using Github
2025-12-17 13:45:15 Success.
2025-12-17 13:45:15 Latest version is 1.10.6
2025-12-17 13:45:15 App is up to date.
2025-12-19 12:57:22 Loading main app package /usr/lib/obsidian/obsidian.asar
2025-12-19 12:57:22 Checking for update using Github
2025-12-19 12:57:23 Success.
2025-12-19 12:57:23 Latest version is 1.10.6
2025-12-19 12:57:23 App is up to date.
2025-12-19 14:04:47 Checking for update using Github
2025-12-19 14:04:48 Success.
2025-12-19 14:04:48 Latest version is 1.10.6
2025-12-19 14:04:48 App is up to date.
2025-12-19 15:23:45 Checking for update using Github
2025-12-19 15:23:47 Success.
2025-12-19 15:23:47 Latest version is 1.10.6
2025-12-19 15:23:47 App is up to date.
2025-12-20 00:03:56 Checking for update using Github
2025-12-20 00:03:56 Success.
2025-12-20 00:03:56 Latest version is 1.10.6
2025-12-20 00:03:56 App is up to date.
2025-12-22 14:19:50 Loading main app package /usr/lib/obsidian/obsidian.asar
2025-12-22 14:19:50 Checking for update using Github
2025-12-22 14:19:53 Success.
2025-12-22 14:19:53 Latest version is 1.10.6
2025-12-22 14:19:53 App is up to date.
