12/18/2025, 3:45:15 PM GMT+5:30 0: 

----------------------------------------------
12/18/2025, 3:45:15 PM GMT+5:30 1: Discord starting: {"releaseChannel":"stable","version":"0.0.119"}, modulepath: /home/vks/.config/discord/0.0.119/modules
12/18/2025, 3:45:15 PM GMT+5:30 2: ✅ webContents.created web1 ""
12/18/2025, 3:45:15 PM GMT+5:30 3: ✅ window.created win1 "discord"
12/18/2025, 3:45:15 PM GMT+5:30 4: ✅ webContents.did-finish-load web1
12/18/2025, 3:45:28 PM GMT+5:30 5: ✅ webContents.created web2 ""
12/18/2025, 3:45:28 PM GMT+5:30 6: ✅ window.created win2 "Discord"
12/18/2025, 3:45:29 PM GMT+5:30 7: ✅ webContents.did-finish-load web2
12/18/2025, 3:45:30 PM GMT+5:30 8: window.close win1
12/18/2025, 3:45:30 PM GMT+5:30 9: webContents.destroyed web1
12/18/2025, 3:45:30 PM GMT+5:30 10: window.closed win1
12/18/2025, 3:45:50 PM GMT+5:30 11: window.close win2
12/18/2025, 10:49:24 PM GMT+5:30 0: 

----------------------------------------------
12/18/2025, 10:49:24 PM GMT+5:30 1: Discord starting: {"releaseChannel":"stable","version":"0.0.119"}, modulepath: /home/vks/.config/discord/0.0.119/modules
12/18/2025, 10:49:24 PM GMT+5:30 2: ✅ webContents.created web1 ""
12/18/2025, 10:49:24 PM GMT+5:30 3: ✅ window.created win1 "discord"
12/18/2025, 10:49:24 PM GMT+5:30 4: ✅ webContents.did-finish-load web1
12/18/2025, 10:49:27 PM GMT+5:30 5: window.close win1
12/18/2025, 10:49:27 PM GMT+5:30 6: webContents.destroyed web1
12/22/2025, 5:10:02 PM GMT+5:30 0: 

----------------------------------------------
12/22/2025, 5:10:02 PM GMT+5:30 1: Discord starting: {"releaseChannel":"stable","version":"0.0.119"}, modulepath: /home/vks/.config/discord/0.0.119/modules
12/22/2025, 5:10:02 PM GMT+5:30 2: ✅ webContents.created web1 ""
12/22/2025, 5:10:02 PM GMT+5:30 3: ✅ window.created win1 "discord"
12/22/2025, 5:10:02 PM GMT+5:30 4: ✅ webContents.did-finish-load web1
12/22/2025, 5:10:03 PM GMT+5:30 5: ✅ webContents.created web2 ""
12/22/2025, 5:10:03 PM GMT+5:30 6: ✅ window.created win2 "Discord"
12/22/2025, 5:10:06 PM GMT+5:30 7: ✅ webContents.did-finish-load web2
12/22/2025, 5:10:07 PM GMT+5:30 8: window.close win1
12/22/2025, 5:10:07 PM GMT+5:30 9: webContents.destroyed web1
12/22/2025, 5:10:07 PM GMT+5:30 10: window.closed win1
12/22/2025, 5:11:07 PM GMT+5:30 11: before-quit
12/22/2025, 5:11:07 PM GMT+5:30 12: window.close win2
12/22/2025, 5:11:07 PM GMT+5:30 13: webContents.destroyed web2
12/22/2025, 5:11:07 PM GMT+5:30 14: window.closed win2
12/24/2025, 8:55:45 PM GMT+5:30 0: 

----------------------------------------------
12/24/2025, 8:55:45 PM GMT+5:30 1: Discord starting: {"releaseChannel":"stable","version":"0.0.119"}, modulepath: /home/vks/.config/discord/0.0.119/modules
12/24/2025, 8:55:45 PM GMT+5:30 2: ✅ webContents.created web1 ""
12/24/2025, 8:55:45 PM GMT+5:30 3: ✅ window.created win1 "discord"
12/24/2025, 8:55:45 PM GMT+5:30 4: ✅ webContents.did-finish-load web1
12/24/2025, 8:55:46 PM GMT+5:30 5: ✅ webContents.created web2 ""
12/24/2025, 8:55:46 PM GMT+5:30 6: ✅ window.created win2 "Discord"
12/24/2025, 8:55:48 PM GMT+5:30 7: ✅ webContents.did-finish-load web2
12/24/2025, 8:55:49 PM GMT+5:30 8: window.close win1
12/24/2025, 8:55:49 PM GMT+5:30 9: webContents.destroyed web1
12/24/2025, 8:55:49 PM GMT+5:30 10: window.closed win1
12/24/2025, 8:55:51 PM GMT+5:30 11: ✅ webContents.did-finish-load web2
12/24/2025, 9:50:05 PM GMT+5:30 12: window.close win2
12/25/2025, 7:38:53 AM GMT+5:30 13: before-quit
12/25/2025, 7:38:53 AM GMT+5:30 14: window.close win2
12/25/2025, 7:38:53 AM GMT+5:30 15: ❌ child-process-gone {
  type: 'Utility',
  reason: 'killed',
  exitCode: 15,
  serviceName: 'audio.mojom.AudioService',
  name: 'Audio Service'
}
12/28/2025, 7:19:08 PM GMT+5:30 0: 

----------------------------------------------
12/28/2025, 7:19:08 PM GMT+5:30 1: Discord starting: {"releaseChannel":"stable","version":"0.0.119"}, modulepath: /home/vks/.config/discord/0.0.119/modules
12/28/2025, 7:19:08 PM GMT+5:30 2: ✅ webContents.created web1 ""
12/28/2025, 7:19:08 PM GMT+5:30 3: ✅ window.created win1 "discord"
12/28/2025, 7:19:09 PM GMT+5:30 4: ✅ webContents.did-finish-load web1
12/28/2025, 7:19:10 PM GMT+5:30 5: ✅ webContents.created web2 ""
12/28/2025, 7:19:10 PM GMT+5:30 6: ✅ window.created win2 "Discord"
12/28/2025, 7:19:14 PM GMT+5:30 7: ✅ webContents.did-finish-load web2
12/28/2025, 7:19:16 PM GMT+5:30 8: window.close win1
12/28/2025, 7:19:16 PM GMT+5:30 9: webContents.destroyed web1
12/28/2025, 7:19:16 PM GMT+5:30 10: window.closed win1
12/28/2025, 7:25:31 PM GMT+5:30 11: window.close win2
12/28/2025, 7:26:50 PM GMT+5:30 12: before-quit
12/28/2025, 7:26:50 PM GMT+5:30 13: window.close win2
12/28/2025, 7:26:51 PM GMT+5:30 14: webContents.destroyed web2
12/28/2025, 7:26:51 PM GMT+5:30 15: window.closed win2
