16
/home/vks/Music/Vaa Vibe Pannalam Mashup Mix - Dj Love Rajesh [BoZlemaVFnw].mp3
/home/vks/Music/JAWAN Faraatta   Shah Rukh Khan   Deepika   Atlee   Anirudh  Arijit S, Jonita G, Badshah  Kumaar.mp3
/home/vks/Music/Vaa Vibe Pannalam Mashup Mix - Dj Love Rajesh [BoZlemaVFnw].mp3
/home/vks/Music/JAWAN Faraatta   Shah Rukh Khan   Deepika   Atlee   Anirudh  Arijit S, Jonita G, Badshah  Kumaar.mp3
/home/vks/Music/Tamil Remixes/03 - Multiverse Drop Mashup – Dj Love Rajesh.mp3
/home/vks/Music/Vaa Vibe Pannalam Mashup Mix - Dj Love Rajesh [BoZlemaVFnw].mp3
/home/vks/Music/Dies Irae - Gregorian Chant (with lyrics and translation) [2OBB5-bP6qs].mp3
/home/vks/Music/01 - Alina Baraz & Galimatias - Show Me.mp3
/home/vks/Music/02 - Alina Baraz & Galimatias - Drift.mp3
/home/vks/Music/03 - Alina Baraz & Galimatias - Can I.mp3
/home/vks/Music/04 - Alina Baraz & Galimatias - Fantasy.mp3
/home/vks/Music/04 - Alina Baraz & Galimatias - Fantasy.mp3
/home/vks/Music/05 - Alina Baraz & Galimatias - Make You Feel.mp3
/home/vks/Music/06 - Alina Baraz & Galimatias - Maybe.mp3
/home/vks/Music/07 - Alina Baraz & Galimatias - Pretty Thoughts.mp3
/home/vks/Music/08 - Alina Baraz & Galimatias - Unfold.mp3
/home/vks/Music/Dhurandhar - Extended Album ｜ Ranveer Singh, Shashwat Sachdev, Akshaye, Sanjay, R. Madhavan, Arjun [7kJ6kQznl20].mp3
/home/vks/Music/Dies Irae - Gregorian Chant (with lyrics and translation) [2OBB5-bP6qs].mp3
/home/vks/Music/Ho'oponopono ｜Inner Child Guided Meditation by Dr. Ihaleakela Hew Len ｜ EXTREMELY POWERFUL❤️ [ohsCV3YIjv4].mp3
/home/vks/Music/Jocko Podcast 521： Obey Your Own Orders. Discipline vs. the War in Your Head [8KvPT3gT1tE].mp3
/home/vks/Music/Vaa Vibe Pannalam Mashup Mix - Dj Love Rajesh [BoZlemaVFnw].mp3
